Using pre-set license
Built from '2021.3/staging' branch; Version is '2021.3.21f1 (1b156197d683) revision 1774945'; Using compiler version '192829333'; Build Type 'Release'
OS: 'Windows 10  (10.0.19044) 64bit Professional' Language: 'zh' Physical Memory: 32678 MB
BatchMode: 1, IsHumanControllingUs: 0, StartBugReporterOnCrash: 0, Is64bit: 1, IsPro: 1

COMMAND LINE ARGUMENTS:
D:\Unity\Unity Hub\Editor\2021.3.21f1\Editor\Unity.exe
-adb2
-batchMode
-noUpm
-name
AssetImportWorker2
-projectPath
D:/Project/Panda-Mahjong/Panda-Mahjong
-logFile
Logs/AssetImportWorker2.log
-srvPort
53387
Successfully changed project path to: D:/Project/Panda-Mahjong/Panda-Mahjong
D:/Project/Panda-Mahjong/Panda-Mahjong
[UnityMemory] Configuration Parameters - Can be set up in boot.config
    "memorysetup-bucket-allocator-granularity=16"
    "memorysetup-bucket-allocator-bucket-count=8"
    "memorysetup-bucket-allocator-block-size=33554432"
    "memorysetup-bucket-allocator-block-count=8"
    "memorysetup-main-allocator-block-size=16777216"
    "memorysetup-thread-allocator-block-size=16777216"
    "memorysetup-gfx-main-allocator-block-size=16777216"
    "memorysetup-gfx-thread-allocator-block-size=16777216"
    "memorysetup-cache-allocator-block-size=4194304"
    "memorysetup-typetree-allocator-block-size=2097152"
    "memorysetup-profiler-bucket-allocator-granularity=16"
    "memorysetup-profiler-bucket-allocator-bucket-count=8"
    "memorysetup-profiler-bucket-allocator-block-size=33554432"
    "memorysetup-profiler-bucket-allocator-block-count=8"
    "memorysetup-profiler-allocator-block-size=16777216"
    "memorysetup-profiler-editor-allocator-block-size=1048576"
    "memorysetup-temp-allocator-size-main=16777216"
    "memorysetup-job-temp-allocator-block-size=2097152"
    "memorysetup-job-temp-allocator-block-size-background=1048576"
    "memorysetup-job-temp-allocator-reduction-small-platforms=262144"
    "memorysetup-temp-allocator-size-background-worker=32768"
    "memorysetup-temp-allocator-size-job-worker=262144"
    "memorysetup-temp-allocator-size-preload-manager=33554432"
    "memorysetup-temp-allocator-size-nav-mesh-worker=65536"
    "memorysetup-temp-allocator-size-audio-worker=65536"
    "memorysetup-temp-allocator-size-cloud-worker=32768"
    "memorysetup-temp-allocator-size-gi-baking-worker=262144"
    "memorysetup-temp-allocator-size-gfx=262144"
Unable to join player connection multicast group (err: 10013).
Player connection [5060] Host "[IP] 192.168.0.216 [Port] 0 [Flags] 2 [Guid] 2847609220 [EditorId] 2847609220 [Version] 1048832 [Id] WindowsEditor(7,Sophie-Desktop) [Debug] 1 [PackageName] WindowsEditor [ProjectName] Editor" joined alternative multi-casting on [225.0.0.222:34997]...

Refreshing native plugins compatible for Editor in 87.19 ms, found 4 plugins.
Preloading 0 native plugins for Editor in 0.00 ms.
Initialize engine version: 2021.3.21f1 (1b156197d683)
[Subsystems] Discovering subsystems at path D:/Unity/Unity Hub/Editor/2021.3.21f1/Editor/Data/Resources/UnitySubsystems
[Subsystems] Discovering subsystems at path D:/Project/Panda-Mahjong/Panda-Mahjong/Assets
GfxDevice: creating device client; threaded=0; jobified=0
Direct3D:
    Version:  Direct3D 11.0 [level 11.1]
    Renderer: NVIDIA GeForce RTX 3060 Ti (ID=0x2489)
    Vendor:   NVIDIA
    VRAM:     8050 MB
    Driver:   31.0.15.1694
Initialize mono
Mono path[0] = 'D:/Unity/Unity Hub/Editor/2021.3.21f1/Editor/Data/Managed'
Mono path[1] = 'D:/Unity/Unity Hub/Editor/2021.3.21f1/Editor/Data/MonoBleedingEdge/lib/mono/unityjit-win32'
Mono config path = 'D:/Unity/Unity Hub/Editor/2021.3.21f1/Editor/Data/MonoBleedingEdge/etc'
Using monoOptions --debugger-agent=transport=dt_socket,embedding=1,server=y,suspend=n,address=127.0.0.1:56984
Begin MonoManager ReloadAssembly
Registering precompiled unity dll's ...
Register platform support module: D:/Unity/Unity Hub/Editor/2021.3.21f1/Editor/Data/PlaybackEngines/WindowsStandaloneSupport/UnityEditor.WindowsStandalone.Extensions.dll
Registered in 0.002950 seconds.
Native extension for WindowsStandalone target not found
Refreshing native plugins compatible for Editor in 83.98 ms, found 4 plugins.
Preloading 0 native plugins for Editor in 0.00 ms.
Mono: successfully reloaded assembly
- Completed reload, in  0.618 seconds
Domain Reload Profiling:
	ReloadAssembly (619ms)
		BeginReloadAssembly (108ms)
			ExecutionOrderSort (0ms)
			DisableScriptedObjects (0ms)
			BackupInstance (0ms)
			ReleaseScriptingObjects (0ms)
			CreateAndSetChildDomain (1ms)
		EndReloadAssembly (425ms)
			LoadAssemblies (108ms)
			RebuildTransferFunctionScriptingTraits (0ms)
			SetupTypeCache (106ms)
			ReleaseScriptCaches (0ms)
			RebuildScriptCaches (27ms)
			SetupLoadedEditorAssemblies (249ms)
				LogAssemblyErrors (0ms)
				InitializePlatformSupportModulesInManaged (6ms)
				SetLoadedEditorAssemblies (0ms)
				RefreshPlugins (84ms)
				BeforeProcessingInitializeOnLoad (1ms)
				ProcessInitializeOnLoadAttributes (114ms)
				ProcessInitializeOnLoadMethodAttributes (44ms)
				AfterProcessingInitializeOnLoad (0ms)
				EditorAssembliesLoaded (0ms)
			ExecutionOrderSort2 (0ms)
			AwakeInstancesAfterBackupRestoration (0ms)
Platform modules already initialized, skipping
Registering precompiled user dll's ...
Registered in 0.006472 seconds.
Begin MonoManager ReloadAssembly
Symbol file LoadedFromMemory doesn't match image D:\Project\Panda-Mahjong\Panda-Mahjong\Library\PackageCache\com.unity.visualscripting@1.8.0\Editor\VisualScripting.Core\Dependencies\YamlDotNet\Unity.VisualScripting.YamlDotNet.dll
Symbol file LoadedFromMemory doesn't match image D:\Project\Panda-Mahjong\Panda-Mahjong\Library\PackageCache\com.unity.visualscripting@1.8.0\Editor\VisualScripting.Core\Dependencies\DotNetZip\Unity.VisualScripting.IonicZip.dll
Native extension for WindowsStandalone target not found
Refreshing native plugins compatible for Editor in 83.27 ms, found 4 plugins.
Preloading 0 native plugins for Editor in 0.00 ms.
Mono: successfully reloaded assembly
- Completed reload, in  1.085 seconds
Domain Reload Profiling:
	ReloadAssembly (1086ms)
		BeginReloadAssembly (154ms)
			ExecutionOrderSort (0ms)
			DisableScriptedObjects (5ms)
			BackupInstance (0ms)
			ReleaseScriptingObjects (0ms)
			CreateAndSetChildDomain (19ms)
		EndReloadAssembly (833ms)
			LoadAssemblies (144ms)
			RebuildTransferFunctionScriptingTraits (0ms)
			SetupTypeCache (240ms)
			ReleaseScriptCaches (1ms)
			RebuildScriptCaches (55ms)
			SetupLoadedEditorAssemblies (411ms)
				LogAssemblyErrors (0ms)
				InitializePlatformSupportModulesInManaged (3ms)
				SetLoadedEditorAssemblies (0ms)
				RefreshPlugins (83ms)
				BeforeProcessingInitializeOnLoad (79ms)
				ProcessInitializeOnLoadAttributes (203ms)
				ProcessInitializeOnLoadMethodAttributes (39ms)
				AfterProcessingInitializeOnLoad (3ms)
				EditorAssembliesLoaded (0ms)
			ExecutionOrderSort2 (0ms)
			AwakeInstancesAfterBackupRestoration (6ms)
Platform modules already initialized, skipping
========================================================================
Worker process is ready to serve import requests
Launched and connected shader compiler UnityShaderCompiler.exe after 0.06 seconds
Refreshing native plugins compatible for Editor in 1.79 ms, found 4 plugins.
Preloading 0 native plugins for Editor in 0.00 ms.
Unloading 3786 Unused Serialized files (Serialized files now loaded: 0)
Unloading 40 unused Assets / (203.6 KB). Loaded Objects now: 4259.
Memory consumption went from 158.2 MB to 158.0 MB.
Total: 3.980700 ms (FindLiveObjects: 0.577700 ms CreateObjectMapping: 0.465500 ms MarkObjects: 2.765300 ms  DeleteObjects: 0.170800 ms)

AssetImportParameters requested are different than current active one (requested -> active):
  custom:video-decoder-ogg-theora: a1e56fd34408186e4bbccfd4996cb3dc -> 
  custom:container-muxer-webm: aa71ff27fc2769a1b78a27578f13a17b -> 
  custom:container-demuxer-webm: 4f35f7cbe854078d1ac9338744f61a02 -> 
  custom:video-encoder-webm-vp8: eb34c28f22e8b96e1ab97ce403110664 -> 
  custom:audio-encoder-webm-vorbis: bf7c407c2cedff20999df2af8eb42d56 -> 
  custom:framework-win-MediaFoundation: 216162199b28c13a410421893ffa2e32 -> 
  custom:container-demuxer-ogg: 62fdf1f143b41e24485cea50d1cbac27 -> 
  custom:video-decoder-webm-vp8: 9c59270c3fd7afecdb556c50c9e8de78 -> 
  custom:audio-decoder-ogg-vorbis: bf7c407c2cedff20999df2af8eb42d56 -> 
========================================================================
Received Import Request.
  Time since last request: 1808621.693356 seconds.
  path: Assets/Resources/Image/Mahjong/Wan/03.png
  artifactKey: Guid(f32ced95d9362fd4c83ee1aa8a859455) Importer(815301076,1909f56bfc062723c751e8b465ee728b)
Start importing Assets/Resources/Image/Mahjong/Wan/03.png using Guid(f32ced95d9362fd4c83ee1aa8a859455) Importer(815301076,1909f56bfc062723c751e8b465ee728b)  -> (artifact id: 'efb98a5fb3765ede8e7860bb0c3c91d3') in 0.127691 seconds 
========================================================================
Received Import Request.
  Time since last request: 0.000018 seconds.
  path: Assets/Resources/Image/Mahjong/Wan/07.png
  artifactKey: Guid(5ea289e2fb52c134bbce868553fa1806) Importer(815301076,1909f56bfc062723c751e8b465ee728b)
Start importing Assets/Resources/Image/Mahjong/Wan/07.png using Guid(5ea289e2fb52c134bbce868553fa1806) Importer(815301076,1909f56bfc062723c751e8b465ee728b)  -> (artifact id: '5ba1016aafce148b5c078fc7db69810c') in 0.016993 seconds 
========================================================================
Received Import Request.
  Time since last request: 0.000018 seconds.
  path: Assets/Resources/Image/Mahjong/Wan/05-01.png
  artifactKey: Guid(a523babc82e2cdb40bc14c4960494f07) Importer(815301076,1909f56bfc062723c751e8b465ee728b)
Start importing Assets/Resources/Image/Mahjong/Wan/05-01.png using Guid(a523babc82e2cdb40bc14c4960494f07) Importer(815301076,1909f56bfc062723c751e8b465ee728b)  -> (artifact id: '6fcc613bbcbb05e4761b2e22249bae8f') in 0.013614 seconds 
========================================================================
Received Import Request.
  Time since last request: 0.000039 seconds.
  path: Assets/Resources/Image/Mahjong/Wan/08.png
  artifactKey: Guid(38903332bdd71c2409aa012d849053d0) Importer(815301076,1909f56bfc062723c751e8b465ee728b)
Start importing Assets/Resources/Image/Mahjong/Wan/08.png using Guid(38903332bdd71c2409aa012d849053d0) Importer(815301076,1909f56bfc062723c751e8b465ee728b)  -> (artifact id: '6eaa6b40a1dc066c73bc02caffb5a717') in 0.016387 seconds 
========================================================================
Received Import Request.
  Time since last request: 0.000018 seconds.
  path: Assets/Resources/Image/Mahjong/Wan/05.png
  artifactKey: Guid(b662dd362c8a9ce4fa654254cb7b72a6) Importer(815301076,1909f56bfc062723c751e8b465ee728b)
Start importing Assets/Resources/Image/Mahjong/Wan/05.png using Guid(b662dd362c8a9ce4fa654254cb7b72a6) Importer(815301076,1909f56bfc062723c751e8b465ee728b)  -> (artifact id: '12b7a7f56f193a382f2b7b22e70f55c5') in 0.015033 seconds 
========================================================================
Received Import Request.
  Time since last request: 0.000024 seconds.
  path: Assets/Resources/Image/Mahjong/Tong/04.png
  artifactKey: Guid(e9d2c0097c066224598f818e20e4d3de) Importer(815301076,1909f56bfc062723c751e8b465ee728b)
Start importing Assets/Resources/Image/Mahjong/Tong/04.png using Guid(e9d2c0097c066224598f818e20e4d3de) Importer(815301076,1909f56bfc062723c751e8b465ee728b)  -> (artifact id: 'e35f0247866fa50493551b3364633f74') in 0.014595 seconds 
========================================================================
Received Import Request.
  Time since last request: 20.964529 seconds.
  path: Assets/Resources/Image/Mahjong/1.png
  artifactKey: Guid(b6e315c3407107d438347d98a1409e8f) Importer(815301076,1909f56bfc062723c751e8b465ee728b)
Start importing Assets/Resources/Image/Mahjong/1.png using Guid(b6e315c3407107d438347d98a1409e8f) Importer(815301076,1909f56bfc062723c751e8b465ee728b)  -> (artifact id: '341d846e7fb432f99d53672b0742646c') in 0.016859 seconds 
========================================================================
Received Import Request.
  Time since last request: 4.191063 seconds.
  path: Assets/Resources/Image/Mahjong/01.png
  artifactKey: Guid(b6e315c3407107d438347d98a1409e8f) Importer(815301076,1909f56bfc062723c751e8b465ee728b)
Start importing Assets/Resources/Image/Mahjong/01.png using Guid(b6e315c3407107d438347d98a1409e8f) Importer(815301076,1909f56bfc062723c751e8b465ee728b)  -> (artifact id: 'a50cf823398d76f3c36967346ff53b6a') in 0.020628 seconds 
========================================================================
Received Import Request.
  Time since last request: 2.495132 seconds.
  path: Assets/Resources/Image/Mahjong/02.png
  artifactKey: Guid(37afb3d041b65e6419572640ee203003) Importer(815301076,1909f56bfc062723c751e8b465ee728b)
Start importing Assets/Resources/Image/Mahjong/02.png using Guid(37afb3d041b65e6419572640ee203003) Importer(815301076,1909f56bfc062723c751e8b465ee728b)  -> (artifact id: '1287ccfdaadf10b99c3098d107dae6b1') in 0.018837 seconds 
========================================================================
Received Import Request.
  Time since last request: 5.245766 seconds.
  path: Assets/Resources/Image/Mahjong/03.png
  artifactKey: Guid(c28847d916b8caa419744d8ce2aadfde) Importer(815301076,1909f56bfc062723c751e8b465ee728b)
Start importing Assets/Resources/Image/Mahjong/03.png using Guid(c28847d916b8caa419744d8ce2aadfde) Importer(815301076,1909f56bfc062723c751e8b465ee728b)  -> (artifact id: '540648c8b861cc73b2d903e4ad7fe830') in 0.025760 seconds 
========================================================================
Received Import Request.
  Time since last request: 3.006755 seconds.
  path: Assets/Resources/Image/Mahjong/04.png
  artifactKey: Guid(e6542330667baa84d9ffa9e1968db866) Importer(815301076,1909f56bfc062723c751e8b465ee728b)
Start importing Assets/Resources/Image/Mahjong/04.png using Guid(e6542330667baa84d9ffa9e1968db866) Importer(815301076,1909f56bfc062723c751e8b465ee728b)  -> (artifact id: 'e5c7b9213237f0d81185c8f52f6f13ca') in 0.013240 seconds 
========================================================================
Received Import Request.
  Time since last request: 2.496491 seconds.
  path: Assets/Resources/Image/Mahjong/05.png
  artifactKey: Guid(58cfe46036978304caec8c1667aec0db) Importer(815301076,1909f56bfc062723c751e8b465ee728b)
Start importing Assets/Resources/Image/Mahjong/05.png using Guid(58cfe46036978304caec8c1667aec0db) Importer(815301076,1909f56bfc062723c751e8b465ee728b)  -> (artifact id: '62fbc5a1786e0e70b6986a1262b48c8b') in 0.019054 seconds 
========================================================================
Received Import Request.
  Time since last request: 4.901525 seconds.
  path: Assets/Resources/Image/Mahjong/06.png
  artifactKey: Guid(f1965c4bfcd176d43b4818eda93d3831) Importer(815301076,1909f56bfc062723c751e8b465ee728b)
Start importing Assets/Resources/Image/Mahjong/06.png using Guid(f1965c4bfcd176d43b4818eda93d3831) Importer(815301076,1909f56bfc062723c751e8b465ee728b)  -> (artifact id: 'a303ef0cbf9d1885fdb21d3d8df5ec3a') in 0.026383 seconds 
========================================================================
Received Import Request.
  Time since last request: 8.225400 seconds.
  path: Assets/Resources/Image/Mahjong/07.png
  artifactKey: Guid(ba247fe322a41464aaee6b4fc2b0b69b) Importer(815301076,1909f56bfc062723c751e8b465ee728b)
Start importing Assets/Resources/Image/Mahjong/07.png using Guid(ba247fe322a41464aaee6b4fc2b0b69b) Importer(815301076,1909f56bfc062723c751e8b465ee728b)  -> (artifact id: 'fe3eaf86e2c5b08752575bb5a5f67daa') in 0.025148 seconds 
========================================================================
Received Import Request.
  Time since last request: 6.162159 seconds.
  path: Assets/Resources/Image/Mahjong/01-01.svg
  artifactKey: Guid(b3f1b58bf7bf6da41aa436e805fbc90b) Importer(815301076,1909f56bfc062723c751e8b465ee728b)
Start importing Assets/Resources/Image/Mahjong/01-01.svg using Guid(b3f1b58bf7bf6da41aa436e805fbc90b) Importer(815301076,1909f56bfc062723c751e8b465ee728b)  -> (artifact id: 'c5e82679903b3f71c752107ebe15400b') in 0.008392 seconds 
========================================================================
Received Import Request.
  Time since last request: 0.887528 seconds.
  path: Assets/Resources/Image/Mahjong/01-02.svg
  artifactKey: Guid(1c3998fe1220634479881fa3c87d8c2c) Importer(815301076,1909f56bfc062723c751e8b465ee728b)
Start importing Assets/Resources/Image/Mahjong/01-02.svg using Guid(1c3998fe1220634479881fa3c87d8c2c) Importer(815301076,1909f56bfc062723c751e8b465ee728b)  -> (artifact id: '3021608adfcc6c6c81ac72bb26661d69') in 0.006418 seconds 
========================================================================
Received Import Request.
  Time since last request: 4.698262 seconds.
  path: Assets/Resources/Image/Mahjong/02-01.svg
  artifactKey: Guid(2e1d972591acdd04abec418761d554e0) Importer(815301076,1909f56bfc062723c751e8b465ee728b)
Start importing Assets/Resources/Image/Mahjong/02-01.svg using Guid(2e1d972591acdd04abec418761d554e0) Importer(815301076,1909f56bfc062723c751e8b465ee728b)  -> (artifact id: '9a7b7d29e0e10563e151a8bd392692b9') in 0.005977 seconds 
========================================================================
Received Import Request.
  Time since last request: 7.332298 seconds.
  path: Assets/Resources/Image/Mahjong/08.png
  artifactKey: Guid(cd42112e8ce988e4ebc46b1df9e29c21) Importer(815301076,1909f56bfc062723c751e8b465ee728b)
Start importing Assets/Resources/Image/Mahjong/08.png using Guid(cd42112e8ce988e4ebc46b1df9e29c21) Importer(815301076,1909f56bfc062723c751e8b465ee728b)  -> (artifact id: '5dbe97a0a5e9cb2ce64a03353a08f0b8') in 0.020969 seconds 
========================================================================
Received Import Request.
  Time since last request: 17.621446 seconds.
  path: Assets/Resources/Image/Mahjong/03-01.svg
  artifactKey: Guid(da45baec53a406342a12f5acc1bdc158) Importer(815301076,1909f56bfc062723c751e8b465ee728b)
Start importing Assets/Resources/Image/Mahjong/03-01.svg using Guid(da45baec53a406342a12f5acc1bdc158) Importer(815301076,1909f56bfc062723c751e8b465ee728b)  -> (artifact id: '91c355929d9bdb0b7c75041d6c88b25d') in 0.002392 seconds 
========================================================================
Received Import Request.
  Time since last request: 1.171076 seconds.
  path: Assets/Resources/Image/Mahjong/03-02.svg
  artifactKey: Guid(50cb929b94664dd4e92acedcaa7404ad) Importer(815301076,1909f56bfc062723c751e8b465ee728b)
Start importing Assets/Resources/Image/Mahjong/03-02.svg using Guid(50cb929b94664dd4e92acedcaa7404ad) Importer(815301076,1909f56bfc062723c751e8b465ee728b)  -> (artifact id: '13f80f28cd0470a40d1e43e34cd04ff5') in 0.006378 seconds 
========================================================================
Received Import Request.
  Time since last request: 1.526168 seconds.
  path: Assets/Resources/Image/Mahjong/04-01.svg
  artifactKey: Guid(155003ff5e711b24ba2443c74ad7dea0) Importer(815301076,1909f56bfc062723c751e8b465ee728b)
Start importing Assets/Resources/Image/Mahjong/04-01.svg using Guid(155003ff5e711b24ba2443c74ad7dea0) Importer(815301076,1909f56bfc062723c751e8b465ee728b)  -> (artifact id: '7c92a6ca9c296f1b80c01738a4135f76') in 0.006376 seconds 
========================================================================
Received Import Request.
  Time since last request: 4.826077 seconds.
  path: Assets/Resources/Image/Mahjong/Tiao
  artifactKey: Guid(8d096cff791a677429a8755132f49b4a) Importer(815301076,1909f56bfc062723c751e8b465ee728b)
Start importing Assets/Resources/Image/Mahjong/Tiao using Guid(8d096cff791a677429a8755132f49b4a) Importer(815301076,1909f56bfc062723c751e8b465ee728b)  -> (artifact id: '93e023edd77a3717121aec97fe69cdb2') in 0.005898 seconds 
========================================================================
Received Import Request.
  Time since last request: 5.782462 seconds.
  path: Assets/Resources/Image/Mahjong/Wind
  artifactKey: Guid(e55c7153522656b40ad9f0c91f314e85) Importer(815301076,1909f56bfc062723c751e8b465ee728b)
Start importing Assets/Resources/Image/Mahjong/Wind using Guid(e55c7153522656b40ad9f0c91f314e85) Importer(815301076,1909f56bfc062723c751e8b465ee728b)  -> (artifact id: 'ee24106d964244e408564b5031251ffc') in 0.006233 seconds 
========================================================================
Received Import Request.
  Time since last request: 2.102341 seconds.
  path: Assets/Resources/Image/Mahjong/Tong
  artifactKey: Guid(b4bd87c91e30cea4d990f7cc1db27aa2) Importer(815301076,1909f56bfc062723c751e8b465ee728b)
Start importing Assets/Resources/Image/Mahjong/Tong using Guid(b4bd87c91e30cea4d990f7cc1db27aa2) Importer(815301076,1909f56bfc062723c751e8b465ee728b)  -> (artifact id: '466661aa4c72947d35f3b3e81f8e2744') in 0.007098 seconds 
========================================================================
Received Import Request.
  Time since last request: 17.270500 seconds.
  path: Assets/Resources/Image/Mahjong/Wind/09.png
  artifactKey: Guid(f506da3f40115ff42983622dc9b20a5b) Importer(815301076,1909f56bfc062723c751e8b465ee728b)
Start importing Assets/Resources/Image/Mahjong/Wind/09.png using Guid(f506da3f40115ff42983622dc9b20a5b) Importer(815301076,1909f56bfc062723c751e8b465ee728b)  -> (artifact id: '70c2825035505ae15f60e91924ff19fc') in 0.018048 seconds 
========================================================================
Received Import Request.
  Time since last request: 4.339054 seconds.
  path: Assets/Resources/Image/Mahjong/Wind/10.png
  artifactKey: Guid(e23e6f60a0a84094a96d28a1489ecf9e) Importer(815301076,1909f56bfc062723c751e8b465ee728b)
Start importing Assets/Resources/Image/Mahjong/Wind/10.png using Guid(e23e6f60a0a84094a96d28a1489ecf9e) Importer(815301076,1909f56bfc062723c751e8b465ee728b)  -> (artifact id: '110bc69e75060819acf6c29fadbdaea4') in 0.023801 seconds 
========================================================================
Received Import Request.
  Time since last request: 2.290373 seconds.
  path: Assets/Resources/Image/Mahjong/Wind/11.png
  artifactKey: Guid(e6c96e7d0d36e724e84df0c5428e0174) Importer(815301076,1909f56bfc062723c751e8b465ee728b)
Start importing Assets/Resources/Image/Mahjong/Wind/11.png using Guid(e6c96e7d0d36e724e84df0c5428e0174) Importer(815301076,1909f56bfc062723c751e8b465ee728b)  -> (artifact id: '0d327c570d91e6d0b88aa472d88fc5f5') in 0.025974 seconds 
========================================================================
Received Import Request.
  Time since last request: 2.032224 seconds.
  path: Assets/Resources/Image/Mahjong/Wind/12.png
  artifactKey: Guid(1691adb73e64a3a488f14d9c1e98d66e) Importer(815301076,1909f56bfc062723c751e8b465ee728b)
Start importing Assets/Resources/Image/Mahjong/Wind/12.png using Guid(1691adb73e64a3a488f14d9c1e98d66e) Importer(815301076,1909f56bfc062723c751e8b465ee728b)  -> (artifact id: '29854f1605b9bd672b75237c12f2d83b') in 0.026193 seconds 
========================================================================
Received Import Request.
  Time since last request: 0.855476 seconds.
  path: Assets/Resources/Image/Mahjong/Wind/04.svg
  artifactKey: Guid(8584cd06d5bda9248aed65792a756ee2) Importer(815301076,1909f56bfc062723c751e8b465ee728b)
Start importing Assets/Resources/Image/Mahjong/Wind/04.svg using Guid(8584cd06d5bda9248aed65792a756ee2) Importer(815301076,1909f56bfc062723c751e8b465ee728b)  -> (artifact id: 'be47079307e2fa5eb6f71a30e8b8a7f7') in 0.002243 seconds 
========================================================================
Received Import Request.
  Time since last request: 0.937327 seconds.
  path: Assets/Resources/Image/Mahjong/Wind/03.svg
  artifactKey: Guid(a3daa49e3041919468a4783096d7df9e) Importer(815301076,1909f56bfc062723c751e8b465ee728b)
Start importing Assets/Resources/Image/Mahjong/Wind/03.svg using Guid(a3daa49e3041919468a4783096d7df9e) Importer(815301076,1909f56bfc062723c751e8b465ee728b)  -> (artifact id: '328f1cbd40ac168b60b6d9dc5d3b76fb') in 0.002097 seconds 
========================================================================
Received Import Request.
  Time since last request: 73.072162 seconds.
  path: Assets/Resources/Image/Mahjong/Wan
  artifactKey: Guid(6a8fde6ea05bcda4c9a9697e993c7952) Importer(815301076,1909f56bfc062723c751e8b465ee728b)
Start importing Assets/Resources/Image/Mahjong/Wan using Guid(6a8fde6ea05bcda4c9a9697e993c7952) Importer(815301076,1909f56bfc062723c751e8b465ee728b)  -> (artifact id: '506b119e171e4376beeb42deffec5edc') in 0.005919 seconds 
========================================================================
Received Import Request.
  Time since last request: 15.263585 seconds.
  path: Assets/Resources/Image/Mahjong/Wan/16.png
  artifactKey: Guid(4fc1fee494ae0ec44bd3e029b43e19b1) Importer(815301076,1909f56bfc062723c751e8b465ee728b)
Start importing Assets/Resources/Image/Mahjong/Wan/16.png using Guid(4fc1fee494ae0ec44bd3e029b43e19b1) Importer(815301076,1909f56bfc062723c751e8b465ee728b)  -> (artifact id: '48cceedfe5a3b617f1b8fe91de48928a') in 0.019961 seconds 
========================================================================
Received Import Request.
  Time since last request: 4.448624 seconds.
  path: Assets/Resources/Image/Mahjong/Wan/01-01.svg
  artifactKey: Guid(37557362802c4184f8224c78bc4d36ad) Importer(815301076,1909f56bfc062723c751e8b465ee728b)
Start importing Assets/Resources/Image/Mahjong/Wan/01-01.svg using Guid(37557362802c4184f8224c78bc4d36ad) Importer(815301076,1909f56bfc062723c751e8b465ee728b)  -> (artifact id: '190016c8aaa46c7d4bff834f7dc9b5f3') in 0.006817 seconds 
========================================================================
Received Import Request.
  Time since last request: 23.885213 seconds.
  path: Assets/Resources/Image/Mahjong/Wan/16-01.png
  artifactKey: Guid(4fc1fee494ae0ec44bd3e029b43e19b1) Importer(815301076,1909f56bfc062723c751e8b465ee728b)
Start importing Assets/Resources/Image/Mahjong/Wan/16-01.png using Guid(4fc1fee494ae0ec44bd3e029b43e19b1) Importer(815301076,1909f56bfc062723c751e8b465ee728b)  -> (artifact id: 'e48e2ded7beda0163e64462dc99283a8') in 0.019806 seconds 
========================================================================
Received Import Request.
  Time since last request: 2.899657 seconds.
  path: Assets/Resources/Image/Mahjong/Wan/16.png
  artifactKey: Guid(610801c351e3ba449a64fcfeb4b8e7e7) Importer(815301076,1909f56bfc062723c751e8b465ee728b)
Start importing Assets/Resources/Image/Mahjong/Wan/16.png using Guid(610801c351e3ba449a64fcfeb4b8e7e7) Importer(815301076,1909f56bfc062723c751e8b465ee728b)  -> (artifact id: '3f83c72ed6cc151b9007e607dadfb216') in 0.018547 seconds 
========================================================================
Received Import Request.
  Time since last request: 2.912686 seconds.
  path: Assets/Resources/Image/Mahjong/Wan/17.png
  artifactKey: Guid(9ba55ee7f8ee06945925c9339312d4cb) Importer(815301076,1909f56bfc062723c751e8b465ee728b)
Start importing Assets/Resources/Image/Mahjong/Wan/17.png using Guid(9ba55ee7f8ee06945925c9339312d4cb) Importer(815301076,1909f56bfc062723c751e8b465ee728b)  -> (artifact id: '8f8469fdc5ce367453a2da29d3cbacf7') in 0.023127 seconds 
========================================================================
Received Import Request.
  Time since last request: 2.277217 seconds.
  path: Assets/Resources/Image/Mahjong/Wan/18.png
  artifactKey: Guid(f32ced95d9362fd4c83ee1aa8a859455) Importer(815301076,1909f56bfc062723c751e8b465ee728b)
Start importing Assets/Resources/Image/Mahjong/Wan/18.png using Guid(f32ced95d9362fd4c83ee1aa8a859455) Importer(815301076,1909f56bfc062723c751e8b465ee728b)  -> (artifact id: '0c69323dcd9c49da0e99e4ab3f98e9d9') in 0.025512 seconds 
========================================================================
Received Import Request.
  Time since last request: 2.328503 seconds.
  path: Assets/Resources/Image/Mahjong/Wan/19.png
  artifactKey: Guid(cad2bd4940b514b46b66539ad5655ea8) Importer(815301076,1909f56bfc062723c751e8b465ee728b)
Start importing Assets/Resources/Image/Mahjong/Wan/19.png using Guid(cad2bd4940b514b46b66539ad5655ea8) Importer(815301076,1909f56bfc062723c751e8b465ee728b)  -> (artifact id: '47022b9f886f1b4d94f7243ef2ae7f62') in 0.023576 seconds 
========================================================================
Received Import Request.
  Time since last request: 4.683043 seconds.
  path: Assets/Resources/Image/Mahjong/Wan/20.png
  artifactKey: Guid(b662dd362c8a9ce4fa654254cb7b72a6) Importer(815301076,1909f56bfc062723c751e8b465ee728b)
Start importing Assets/Resources/Image/Mahjong/Wan/20.png using Guid(b662dd362c8a9ce4fa654254cb7b72a6) Importer(815301076,1909f56bfc062723c751e8b465ee728b)  -> (artifact id: '98c97e2c3fa768f864fa3a86d5ea154d') in 0.020546 seconds 
========================================================================
Received Import Request.
  Time since last request: 2.473962 seconds.
  path: Assets/Resources/Image/Mahjong/Wan/21.png
  artifactKey: Guid(0df76aafdcc10f44288a95acbe12db32) Importer(815301076,1909f56bfc062723c751e8b465ee728b)
Start importing Assets/Resources/Image/Mahjong/Wan/21.png using Guid(0df76aafdcc10f44288a95acbe12db32) Importer(815301076,1909f56bfc062723c751e8b465ee728b)  -> (artifact id: '2c67860076a479f333a04292ec849230') in 0.021886 seconds 
========================================================================
Received Import Request.
  Time since last request: 2.539652 seconds.
  path: Assets/Resources/Image/Mahjong/Wan/22.png
  artifactKey: Guid(5ea289e2fb52c134bbce868553fa1806) Importer(815301076,1909f56bfc062723c751e8b465ee728b)
Start importing Assets/Resources/Image/Mahjong/Wan/22.png using Guid(5ea289e2fb52c134bbce868553fa1806) Importer(815301076,1909f56bfc062723c751e8b465ee728b)  -> (artifact id: 'c9f1e8865d010d3b97513ac8a303f69c') in 0.019638 seconds 
========================================================================
Received Import Request.
  Time since last request: 2.119738 seconds.
  path: Assets/Resources/Image/Mahjong/Wan/23.png
  artifactKey: Guid(38903332bdd71c2409aa012d849053d0) Importer(815301076,1909f56bfc062723c751e8b465ee728b)
Start importing Assets/Resources/Image/Mahjong/Wan/23.png using Guid(38903332bdd71c2409aa012d849053d0) Importer(815301076,1909f56bfc062723c751e8b465ee728b)  -> (artifact id: '2d96aac6d6f6b3f64e2e89c4f47e1417') in 0.022303 seconds 
========================================================================
Received Import Request.
  Time since last request: 2.017587 seconds.
  path: Assets/Resources/Image/Mahjong/Wan/24.png
  artifactKey: Guid(beab9260317223840af482c5c3876b11) Importer(815301076,1909f56bfc062723c751e8b465ee728b)
Start importing Assets/Resources/Image/Mahjong/Wan/24.png using Guid(beab9260317223840af482c5c3876b11) Importer(815301076,1909f56bfc062723c751e8b465ee728b)  -> (artifact id: '6ba759270f1a4d28bfb5f0a9c9ddd201') in 0.027346 seconds 
========================================================================
Received Import Request.
  Time since last request: 51.815058 seconds.
  path: Assets/Resources/Image/Mahjong/13.png
  artifactKey: Guid(2feb83716c7d6da4f8888966c16f5fa6) Importer(815301076,1909f56bfc062723c751e8b465ee728b)
Start importing Assets/Resources/Image/Mahjong/13.png using Guid(2feb83716c7d6da4f8888966c16f5fa6) Importer(815301076,1909f56bfc062723c751e8b465ee728b)  -> (artifact id: '7a966051243b90b8754a3325a1eb544f') in 0.015605 seconds 
========================================================================
Received Import Request.
  Time since last request: 0.000022 seconds.
  path: Assets/Resources/Image/Mahjong/15.png
  artifactKey: Guid(759bb95d8fbd0c64ab6d05e808d5d074) Importer(815301076,1909f56bfc062723c751e8b465ee728b)
Start importing Assets/Resources/Image/Mahjong/15.png using Guid(759bb95d8fbd0c64ab6d05e808d5d074) Importer(815301076,1909f56bfc062723c751e8b465ee728b)  -> (artifact id: '3a4386bdb25ad3633cd21461da8aa359') in 0.020940 seconds 
========================================================================
Received Import Request.
  Time since last request: 27.332176 seconds.
  path: Assets/Resources/Image/Mahjong/Tiao/25.png
  artifactKey: Guid(18f75ca4a2c74e644bd0cea4b79637c4) Importer(815301076,1909f56bfc062723c751e8b465ee728b)
Start importing Assets/Resources/Image/Mahjong/Tiao/25.png using Guid(18f75ca4a2c74e644bd0cea4b79637c4) Importer(815301076,1909f56bfc062723c751e8b465ee728b)  -> (artifact id: '09d7010663d6d6940be4d67553858601') in 0.021495 seconds 
========================================================================
Received Import Request.
  Time since last request: 2.889961 seconds.
  path: Assets/Resources/Image/Mahjong/Tiao/26.png
  artifactKey: Guid(d0f7f7504ab073d44b178dd27d517305) Importer(815301076,1909f56bfc062723c751e8b465ee728b)
Start importing Assets/Resources/Image/Mahjong/Tiao/26.png using Guid(d0f7f7504ab073d44b178dd27d517305) Importer(815301076,1909f56bfc062723c751e8b465ee728b)  -> (artifact id: '788657416386ad07e57564836328170b') in 0.019100 seconds 
========================================================================
Received Import Request.
  Time since last request: 1.871061 seconds.
  path: Assets/Resources/Image/Mahjong/Tiao/27.png
  artifactKey: Guid(54389a74d32e81b4d866f11dc1cefc9d) Importer(815301076,1909f56bfc062723c751e8b465ee728b)
Start importing Assets/Resources/Image/Mahjong/Tiao/27.png using Guid(54389a74d32e81b4d866f11dc1cefc9d) Importer(815301076,1909f56bfc062723c751e8b465ee728b)  -> (artifact id: 'a07e9d8fa8fd26fddff5f82dee811ea7') in 0.021333 seconds 
========================================================================
Received Import Request.
  Time since last request: 2.200696 seconds.
  path: Assets/Resources/Image/Mahjong/Tiao/28.png
  artifactKey: Guid(3cf509e6898fd27478f887c6c4a4fa4e) Importer(815301076,1909f56bfc062723c751e8b465ee728b)
Start importing Assets/Resources/Image/Mahjong/Tiao/28.png using Guid(3cf509e6898fd27478f887c6c4a4fa4e) Importer(815301076,1909f56bfc062723c751e8b465ee728b)  -> (artifact id: '1ec39f72650fb248537e57de64f422de') in 0.022831 seconds 
========================================================================
Received Import Request.
  Time since last request: 27.822363 seconds.
  path: Assets/Resources/Image/Mahjong/Tiao/29.png
  artifactKey: Guid(e8969f4d1a0c0e945a13bdde8160db2f) Importer(815301076,1909f56bfc062723c751e8b465ee728b)
Start importing Assets/Resources/Image/Mahjong/Tiao/29.png using Guid(e8969f4d1a0c0e945a13bdde8160db2f) Importer(815301076,1909f56bfc062723c751e8b465ee728b)  -> (artifact id: '9d3b91315e2edebb0ac6dbe72f57b614') in 0.019538 seconds 
========================================================================
Received Import Request.
  Time since last request: 1.821313 seconds.
  path: Assets/Resources/Image/Mahjong/Tiao/30.png
  artifactKey: Guid(a6dc4698daea31348a0db91c14efc3c6) Importer(815301076,1909f56bfc062723c751e8b465ee728b)
Start importing Assets/Resources/Image/Mahjong/Tiao/30.png using Guid(a6dc4698daea31348a0db91c14efc3c6) Importer(815301076,1909f56bfc062723c751e8b465ee728b)  -> (artifact id: '435756f22a2aebfea78da423af9c4b82') in 0.022877 seconds 
========================================================================
Received Import Request.
  Time since last request: 3.677659 seconds.
  path: Assets/Resources/Image/Mahjong/Tiao/31.png
  artifactKey: Guid(2622111c579cf5446b281097c4a14d03) Importer(815301076,1909f56bfc062723c751e8b465ee728b)
Start importing Assets/Resources/Image/Mahjong/Tiao/31.png using Guid(2622111c579cf5446b281097c4a14d03) Importer(815301076,1909f56bfc062723c751e8b465ee728b)  -> (artifact id: '3de7a8b65938f4e16ecea2e7fd9f42d8') in 0.015019 seconds 
========================================================================
Received Import Request.
  Time since last request: 2.875171 seconds.
  path: Assets/Resources/Image/Mahjong/Tiao/32.png
  artifactKey: Guid(1572e9bf88be39449a055bf02f8b15f2) Importer(815301076,1909f56bfc062723c751e8b465ee728b)
Start importing Assets/Resources/Image/Mahjong/Tiao/32.png using Guid(1572e9bf88be39449a055bf02f8b15f2) Importer(815301076,1909f56bfc062723c751e8b465ee728b)  -> (artifact id: '0fc6ab09c4f0bbaf1e034ab9b6d38d97') in 0.020202 seconds 
========================================================================
Received Import Request.
  Time since last request: 2.470812 seconds.
  path: Assets/Resources/Image/Mahjong/Tiao/33.png
  artifactKey: Guid(a31e5c67f0b93ee4893ae290639ec8b3) Importer(815301076,1909f56bfc062723c751e8b465ee728b)
Start importing Assets/Resources/Image/Mahjong/Tiao/33.png using Guid(a31e5c67f0b93ee4893ae290639ec8b3) Importer(815301076,1909f56bfc062723c751e8b465ee728b)  -> (artifact id: '475d946cf18c9ab30d5f563a060077c7') in 0.017262 seconds 
========================================================================
Received Import Request.
  Time since last request: 31.216485 seconds.
  path: Assets/Resources/Image/Mahjong/Tong/34.png
  artifactKey: Guid(276e6a81fdd9dda40a67d75b82cf663a) Importer(815301076,1909f56bfc062723c751e8b465ee728b)
Start importing Assets/Resources/Image/Mahjong/Tong/34.png using Guid(276e6a81fdd9dda40a67d75b82cf663a) Importer(815301076,1909f56bfc062723c751e8b465ee728b)  -> (artifact id: '8ff4c5fa98834a67fbab7f5847d520de') in 0.022947 seconds 
========================================================================
Received Import Request.
  Time since last request: 4.784904 seconds.
  path: Assets/Resources/Image/Mahjong/Tong/35.png
  artifactKey: Guid(067b9aefedf13da4f9c173f807e160f9) Importer(815301076,1909f56bfc062723c751e8b465ee728b)
Start importing Assets/Resources/Image/Mahjong/Tong/35.png using Guid(067b9aefedf13da4f9c173f807e160f9) Importer(815301076,1909f56bfc062723c751e8b465ee728b)  -> (artifact id: 'e8c5e6138b3e0d0312a27a8f3af6b908') in 0.022697 seconds 
========================================================================
Received Import Request.
  Time since last request: 2.653076 seconds.
  path: Assets/Resources/Image/Mahjong/Tong/36.png
  artifactKey: Guid(165e8c612382d9d4da992f996d7ae887) Importer(815301076,1909f56bfc062723c751e8b465ee728b)
Start importing Assets/Resources/Image/Mahjong/Tong/36.png using Guid(165e8c612382d9d4da992f996d7ae887) Importer(815301076,1909f56bfc062723c751e8b465ee728b)  -> (artifact id: '8ac39fd0c5359019f5716ac0d86e93a3') in 0.026401 seconds 
========================================================================
Received Import Request.
  Time since last request: 2.488208 seconds.
  path: Assets/Resources/Image/Mahjong/Tong/37.png
  artifactKey: Guid(e9d2c0097c066224598f818e20e4d3de) Importer(815301076,1909f56bfc062723c751e8b465ee728b)
Start importing Assets/Resources/Image/Mahjong/Tong/37.png using Guid(e9d2c0097c066224598f818e20e4d3de) Importer(815301076,1909f56bfc062723c751e8b465ee728b)  -> (artifact id: 'd4aeeeac04c6be40712ae50f7251508a') in 0.017052 seconds 
========================================================================
Received Import Request.
  Time since last request: 2.069116 seconds.
  path: Assets/Resources/Image/Mahjong/Tong/38.png
  artifactKey: Guid(ecf92387d2ea1e0439f504d45c61627f) Importer(815301076,1909f56bfc062723c751e8b465ee728b)
Start importing Assets/Resources/Image/Mahjong/Tong/38.png using Guid(ecf92387d2ea1e0439f504d45c61627f) Importer(815301076,1909f56bfc062723c751e8b465ee728b)  -> (artifact id: '55416d335186b99fcceaff46872c638c') in 0.030545 seconds 
========================================================================
Received Import Request.
  Time since last request: 2.645138 seconds.
  path: Assets/Resources/Image/Mahjong/Tong/39.png
  artifactKey: Guid(6c8d9ca171fafcb4a95416329cba09a4) Importer(815301076,1909f56bfc062723c751e8b465ee728b)
Start importing Assets/Resources/Image/Mahjong/Tong/39.png using Guid(6c8d9ca171fafcb4a95416329cba09a4) Importer(815301076,1909f56bfc062723c751e8b465ee728b)  -> (artifact id: '4b72078e5861b0b0285771bb9315547e') in 0.018599 seconds 
========================================================================
Received Import Request.
  Time since last request: 2.298751 seconds.
  path: Assets/Resources/Image/Mahjong/Tong/40.png
  artifactKey: Guid(f94fe5bfbeec11548bf22f610dafbc53) Importer(815301076,1909f56bfc062723c751e8b465ee728b)
Start importing Assets/Resources/Image/Mahjong/Tong/40.png using Guid(f94fe5bfbeec11548bf22f610dafbc53) Importer(815301076,1909f56bfc062723c751e8b465ee728b)  -> (artifact id: '0389e2890bb407ae53173baf5bf6743b') in 0.012708 seconds 
========================================================================
Received Import Request.
  Time since last request: 3.444626 seconds.
  path: Assets/Resources/Image/Mahjong/Tong/40-1.png
  artifactKey: Guid(f94fe5bfbeec11548bf22f610dafbc53) Importer(815301076,1909f56bfc062723c751e8b465ee728b)
Start importing Assets/Resources/Image/Mahjong/Tong/40-1.png using Guid(f94fe5bfbeec11548bf22f610dafbc53) Importer(815301076,1909f56bfc062723c751e8b465ee728b)  -> (artifact id: '1ddb6b3dc73c2b7eb9d78c896c9c5f5c') in 0.026200 seconds 
========================================================================
Received Import Request.
  Time since last request: 3.446934 seconds.
  path: Assets/Resources/Image/Mahjong/Tong/40.png
  artifactKey: Guid(f0064ee0e924d614bbfc2a33378259dc) Importer(815301076,1909f56bfc062723c751e8b465ee728b)
Start importing Assets/Resources/Image/Mahjong/Tong/40.png using Guid(f0064ee0e924d614bbfc2a33378259dc) Importer(815301076,1909f56bfc062723c751e8b465ee728b)  -> (artifact id: '281bbf8e83f02e0726a094c4937f4f13') in 0.013175 seconds 
========================================================================
Received Import Request.
  Time since last request: 3.825996 seconds.
  path: Assets/Resources/Image/Mahjong/Tong/41.png
  artifactKey: Guid(18336114672e9424f91817170c12732d) Importer(815301076,1909f56bfc062723c751e8b465ee728b)
Start importing Assets/Resources/Image/Mahjong/Tong/41.png using Guid(18336114672e9424f91817170c12732d) Importer(815301076,1909f56bfc062723c751e8b465ee728b)  -> (artifact id: 'faf07e9c9fb2601d1f4bab9fa4e34075') in 0.015704 seconds 
========================================================================
Received Import Request.
  Time since last request: 2.810334 seconds.
  path: Assets/Resources/Image/Mahjong/Tong/42.png
  artifactKey: Guid(0b88a863dc3bd35479b04fcd5da80e97) Importer(815301076,1909f56bfc062723c751e8b465ee728b)
Start importing Assets/Resources/Image/Mahjong/Tong/42.png using Guid(0b88a863dc3bd35479b04fcd5da80e97) Importer(815301076,1909f56bfc062723c751e8b465ee728b)  -> (artifact id: 'b66f22694d8e995624a1214860c5710b') in 0.013219 seconds 
========================================================================
Received Prepare
Registering precompiled user dll's ...
Registered in 0.006363 seconds.
Begin MonoManager ReloadAssembly
Symbol file LoadedFromMemory doesn't match image D:\Project\Panda-Mahjong\Panda-Mahjong\Library\PackageCache\com.unity.visualscripting@1.8.0\Editor\VisualScripting.Core\Dependencies\YamlDotNet\Unity.VisualScripting.YamlDotNet.dll
Symbol file LoadedFromMemory doesn't match image D:\Project\Panda-Mahjong\Panda-Mahjong\Library\PackageCache\com.unity.visualscripting@1.8.0\Editor\VisualScripting.Core\Dependencies\DotNetZip\Unity.VisualScripting.IonicZip.dll
Native extension for WindowsStandalone target not found
Refreshing native plugins compatible for Editor in 0.73 ms, found 4 plugins.
Preloading 0 native plugins for Editor in 0.00 ms.
Mono: successfully reloaded assembly
- Completed reload, in  0.917 seconds
Domain Reload Profiling:
	ReloadAssembly (917ms)
		BeginReloadAssembly (146ms)
			ExecutionOrderSort (0ms)
			DisableScriptedObjects (7ms)
			BackupInstance (0ms)
			ReleaseScriptingObjects (0ms)
			CreateAndSetChildDomain (34ms)
		EndReloadAssembly (689ms)
			LoadAssemblies (111ms)
			RebuildTransferFunctionScriptingTraits (0ms)
			SetupTypeCache (237ms)
			ReleaseScriptCaches (1ms)
			RebuildScriptCaches (47ms)
			SetupLoadedEditorAssemblies (273ms)
				LogAssemblyErrors (0ms)
				InitializePlatformSupportModulesInManaged (4ms)
				SetLoadedEditorAssemblies (0ms)
				RefreshPlugins (1ms)
				BeforeProcessingInitializeOnLoad (62ms)
				ProcessInitializeOnLoadAttributes (174ms)
				ProcessInitializeOnLoadMethodAttributes (29ms)
				AfterProcessingInitializeOnLoad (3ms)
				EditorAssembliesLoaded (0ms)
			ExecutionOrderSort2 (0ms)
			AwakeInstancesAfterBackupRestoration (7ms)
Platform modules already initialized, skipping
Refreshing native plugins compatible for Editor in 2.14 ms, found 4 plugins.
Preloading 0 native plugins for Editor in 0.00 ms.
Unloading 3768 Unused Serialized files (Serialized files now loaded: 0)
Unloading 28 unused Assets / (196.1 KB). Loaded Objects now: 4269.
Memory consumption went from 160.8 MB to 160.6 MB.
Total: 3.755700 ms (FindLiveObjects: 0.340600 ms CreateObjectMapping: 0.231800 ms MarkObjects: 3.015300 ms  DeleteObjects: 0.166400 ms)

AssetImportParameters requested are different than current active one (requested -> active):
  custom:video-decoder-ogg-theora: a1e56fd34408186e4bbccfd4996cb3dc -> 
  custom:container-muxer-webm: aa71ff27fc2769a1b78a27578f13a17b -> 
  custom:container-demuxer-webm: 4f35f7cbe854078d1ac9338744f61a02 -> 
  custom:video-encoder-webm-vp8: eb34c28f22e8b96e1ab97ce403110664 -> 
  custom:audio-encoder-webm-vorbis: bf7c407c2cedff20999df2af8eb42d56 -> 
  custom:framework-win-MediaFoundation: 216162199b28c13a410421893ffa2e32 -> 
  custom:container-demuxer-ogg: 62fdf1f143b41e24485cea50d1cbac27 -> 
  custom:video-decoder-webm-vp8: 9c59270c3fd7afecdb556c50c9e8de78 -> 
  custom:audio-decoder-ogg-vorbis: bf7c407c2cedff20999df2af8eb42d56 -> 
========================================================================
Received Prepare
Registering precompiled user dll's ...
Registered in 0.006254 seconds.
Begin MonoManager ReloadAssembly
Symbol file LoadedFromMemory doesn't match image D:\Project\Panda-Mahjong\Panda-Mahjong\Library\PackageCache\com.unity.visualscripting@1.8.0\Editor\VisualScripting.Core\Dependencies\YamlDotNet\Unity.VisualScripting.YamlDotNet.dll
Symbol file LoadedFromMemory doesn't match image D:\Project\Panda-Mahjong\Panda-Mahjong\Library\PackageCache\com.unity.visualscripting@1.8.0\Editor\VisualScripting.Core\Dependencies\DotNetZip\Unity.VisualScripting.IonicZip.dll
Native extension for WindowsStandalone target not found
Refreshing native plugins compatible for Editor in 0.70 ms, found 4 plugins.
Preloading 0 native plugins for Editor in 0.00 ms.
Mono: successfully reloaded assembly
- Completed reload, in  0.935 seconds
Domain Reload Profiling:
	ReloadAssembly (935ms)
		BeginReloadAssembly (145ms)
			ExecutionOrderSort (0ms)
			DisableScriptedObjects (6ms)
			BackupInstance (0ms)
			ReleaseScriptingObjects (0ms)
			CreateAndSetChildDomain (31ms)
		EndReloadAssembly (712ms)
			LoadAssemblies (114ms)
			RebuildTransferFunctionScriptingTraits (0ms)
			SetupTypeCache (234ms)
			ReleaseScriptCaches (2ms)
			RebuildScriptCaches (58ms)
			SetupLoadedEditorAssemblies (290ms)
				LogAssemblyErrors (0ms)
				InitializePlatformSupportModulesInManaged (5ms)
				SetLoadedEditorAssemblies (0ms)
				RefreshPlugins (1ms)
				BeforeProcessingInitializeOnLoad (62ms)
				ProcessInitializeOnLoadAttributes (186ms)
				ProcessInitializeOnLoadMethodAttributes (32ms)
				AfterProcessingInitializeOnLoad (3ms)
				EditorAssembliesLoaded (0ms)
			ExecutionOrderSort2 (0ms)
			AwakeInstancesAfterBackupRestoration (9ms)
Platform modules already initialized, skipping
Refreshing native plugins compatible for Editor in 2.24 ms, found 4 plugins.
Preloading 0 native plugins for Editor in 0.00 ms.
Unloading 3768 Unused Serialized files (Serialized files now loaded: 0)
Unloading 28 unused Assets / (195.9 KB). Loaded Objects now: 4272.
Memory consumption went from 160.8 MB to 160.6 MB.
Total: 2.943900 ms (FindLiveObjects: 0.304800 ms CreateObjectMapping: 0.256500 ms MarkObjects: 2.243000 ms  DeleteObjects: 0.138500 ms)

AssetImportParameters requested are different than current active one (requested -> active):
  custom:video-decoder-ogg-theora: a1e56fd34408186e4bbccfd4996cb3dc -> 
  custom:container-muxer-webm: aa71ff27fc2769a1b78a27578f13a17b -> 
  custom:container-demuxer-webm: 4f35f7cbe854078d1ac9338744f61a02 -> 
  custom:video-encoder-webm-vp8: eb34c28f22e8b96e1ab97ce403110664 -> 
  custom:audio-encoder-webm-vorbis: bf7c407c2cedff20999df2af8eb42d56 -> 
  custom:framework-win-MediaFoundation: 216162199b28c13a410421893ffa2e32 -> 
  custom:container-demuxer-ogg: 62fdf1f143b41e24485cea50d1cbac27 -> 
  custom:video-decoder-webm-vp8: 9c59270c3fd7afecdb556c50c9e8de78 -> 
  custom:audio-decoder-ogg-vorbis: bf7c407c2cedff20999df2af8eb42d56 -> 
========================================================================
Received Prepare
Registering precompiled user dll's ...
Registered in 0.005581 seconds.
Begin MonoManager ReloadAssembly
Symbol file LoadedFromMemory doesn't match image D:\Project\Panda-Mahjong\Panda-Mahjong\Library\PackageCache\com.unity.visualscripting@1.8.0\Editor\VisualScripting.Core\Dependencies\YamlDotNet\Unity.VisualScripting.YamlDotNet.dll
Symbol file LoadedFromMemory doesn't match image D:\Project\Panda-Mahjong\Panda-Mahjong\Library\PackageCache\com.unity.visualscripting@1.8.0\Editor\VisualScripting.Core\Dependencies\DotNetZip\Unity.VisualScripting.IonicZip.dll
Native extension for WindowsStandalone target not found
Refreshing native plugins compatible for Editor in 0.72 ms, found 4 plugins.
Preloading 0 native plugins for Editor in 0.00 ms.
Mono: successfully reloaded assembly
- Completed reload, in  0.885 seconds
Domain Reload Profiling:
	ReloadAssembly (885ms)
		BeginReloadAssembly (145ms)
			ExecutionOrderSort (0ms)
			DisableScriptedObjects (8ms)
			BackupInstance (0ms)
			ReleaseScriptingObjects (0ms)
			CreateAndSetChildDomain (30ms)
		EndReloadAssembly (656ms)
			LoadAssemblies (109ms)
			RebuildTransferFunctionScriptingTraits (0ms)
			SetupTypeCache (220ms)
			ReleaseScriptCaches (1ms)
			RebuildScriptCaches (47ms)
			SetupLoadedEditorAssemblies (269ms)
				LogAssemblyErrors (0ms)
				InitializePlatformSupportModulesInManaged (5ms)
				SetLoadedEditorAssemblies (0ms)
				RefreshPlugins (1ms)
				BeforeProcessingInitializeOnLoad (59ms)
				ProcessInitializeOnLoadAttributes (173ms)
				ProcessInitializeOnLoadMethodAttributes (28ms)
				AfterProcessingInitializeOnLoad (3ms)
				EditorAssembliesLoaded (0ms)
			ExecutionOrderSort2 (0ms)
			AwakeInstancesAfterBackupRestoration (8ms)
Platform modules already initialized, skipping
Refreshing native plugins compatible for Editor in 1.91 ms, found 4 plugins.
Preloading 0 native plugins for Editor in 0.00 ms.
Unloading 3768 Unused Serialized files (Serialized files now loaded: 0)
Unloading 28 unused Assets / (196.0 KB). Loaded Objects now: 4275.
Memory consumption went from 160.8 MB to 160.6 MB.
Total: 2.866900 ms (FindLiveObjects: 0.306900 ms CreateObjectMapping: 0.267300 ms MarkObjects: 2.157400 ms  DeleteObjects: 0.134300 ms)

AssetImportParameters requested are different than current active one (requested -> active):
  custom:video-decoder-ogg-theora: a1e56fd34408186e4bbccfd4996cb3dc -> 
  custom:container-muxer-webm: aa71ff27fc2769a1b78a27578f13a17b -> 
  custom:container-demuxer-webm: 4f35f7cbe854078d1ac9338744f61a02 -> 
  custom:video-encoder-webm-vp8: eb34c28f22e8b96e1ab97ce403110664 -> 
  custom:audio-encoder-webm-vorbis: bf7c407c2cedff20999df2af8eb42d56 -> 
  custom:framework-win-MediaFoundation: 216162199b28c13a410421893ffa2e32 -> 
  custom:container-demuxer-ogg: 62fdf1f143b41e24485cea50d1cbac27 -> 
  custom:video-decoder-webm-vp8: 9c59270c3fd7afecdb556c50c9e8de78 -> 
  custom:audio-decoder-ogg-vorbis: bf7c407c2cedff20999df2af8eb42d56 -> 
========================================================================
Received Prepare
Registering precompiled user dll's ...
Registered in 0.005711 seconds.
Begin MonoManager ReloadAssembly
Symbol file LoadedFromMemory doesn't match image D:\Project\Panda-Mahjong\Panda-Mahjong\Library\PackageCache\com.unity.visualscripting@1.8.0\Editor\VisualScripting.Core\Dependencies\YamlDotNet\Unity.VisualScripting.YamlDotNet.dll
Symbol file LoadedFromMemory doesn't match image D:\Project\Panda-Mahjong\Panda-Mahjong\Library\PackageCache\com.unity.visualscripting@1.8.0\Editor\VisualScripting.Core\Dependencies\DotNetZip\Unity.VisualScripting.IonicZip.dll
Native extension for WindowsStandalone target not found
Refreshing native plugins compatible for Editor in 0.80 ms, found 4 plugins.
Preloading 0 native plugins for Editor in 0.00 ms.
Mono: successfully reloaded assembly
- Completed reload, in  0.913 seconds
Domain Reload Profiling:
	ReloadAssembly (914ms)
		BeginReloadAssembly (151ms)
			ExecutionOrderSort (0ms)
			DisableScriptedObjects (7ms)
			BackupInstance (0ms)
			ReleaseScriptingObjects (0ms)
			CreateAndSetChildDomain (35ms)
		EndReloadAssembly (676ms)
			LoadAssemblies (116ms)
			RebuildTransferFunctionScriptingTraits (0ms)
			SetupTypeCache (218ms)
			ReleaseScriptCaches (1ms)
			RebuildScriptCaches (44ms)
			SetupLoadedEditorAssemblies (286ms)
				LogAssemblyErrors (0ms)
				InitializePlatformSupportModulesInManaged (6ms)
				SetLoadedEditorAssemblies (0ms)
				RefreshPlugins (1ms)
				BeforeProcessingInitializeOnLoad (62ms)
				ProcessInitializeOnLoadAttributes (181ms)
				ProcessInitializeOnLoadMethodAttributes (32ms)
				AfterProcessingInitializeOnLoad (4ms)
				EditorAssembliesLoaded (0ms)
			ExecutionOrderSort2 (0ms)
			AwakeInstancesAfterBackupRestoration (9ms)
Platform modules already initialized, skipping
Refreshing native plugins compatible for Editor in 3.43 ms, found 4 plugins.
Preloading 0 native plugins for Editor in 0.00 ms.
Unloading 3768 Unused Serialized files (Serialized files now loaded: 0)
Unloading 28 unused Assets / (196.1 KB). Loaded Objects now: 4278.
Memory consumption went from 160.8 MB to 160.7 MB.
Total: 3.197500 ms (FindLiveObjects: 0.291000 ms CreateObjectMapping: 0.256500 ms MarkObjects: 2.482000 ms  DeleteObjects: 0.166700 ms)

AssetImportParameters requested are different than current active one (requested -> active):
  custom:video-decoder-ogg-theora: a1e56fd34408186e4bbccfd4996cb3dc -> 
  custom:container-muxer-webm: aa71ff27fc2769a1b78a27578f13a17b -> 
  custom:container-demuxer-webm: 4f35f7cbe854078d1ac9338744f61a02 -> 
  custom:video-encoder-webm-vp8: eb34c28f22e8b96e1ab97ce403110664 -> 
  custom:audio-encoder-webm-vorbis: bf7c407c2cedff20999df2af8eb42d56 -> 
  custom:framework-win-MediaFoundation: 216162199b28c13a410421893ffa2e32 -> 
  custom:container-demuxer-ogg: 62fdf1f143b41e24485cea50d1cbac27 -> 
  custom:video-decoder-webm-vp8: 9c59270c3fd7afecdb556c50c9e8de78 -> 
  custom:audio-decoder-ogg-vorbis: bf7c407c2cedff20999df2af8eb42d56 -> 
========================================================================
Received Prepare
Registering precompiled user dll's ...
Registered in 0.006187 seconds.
Begin MonoManager ReloadAssembly
Symbol file LoadedFromMemory doesn't match image D:\Project\Panda-Mahjong\Panda-Mahjong\Library\PackageCache\com.unity.visualscripting@1.8.0\Editor\VisualScripting.Core\Dependencies\YamlDotNet\Unity.VisualScripting.YamlDotNet.dll
Symbol file LoadedFromMemory doesn't match image D:\Project\Panda-Mahjong\Panda-Mahjong\Library\PackageCache\com.unity.visualscripting@1.8.0\Editor\VisualScripting.Core\Dependencies\DotNetZip\Unity.VisualScripting.IonicZip.dll
Native extension for WindowsStandalone target not found
Refreshing native plugins compatible for Editor in 0.67 ms, found 4 plugins.
Preloading 0 native plugins for Editor in 0.00 ms.
Mono: successfully reloaded assembly
- Completed reload, in  0.911 seconds
Domain Reload Profiling:
	ReloadAssembly (911ms)
		BeginReloadAssembly (151ms)
			ExecutionOrderSort (0ms)
			DisableScriptedObjects (6ms)
			BackupInstance (0ms)
			ReleaseScriptingObjects (0ms)
			CreateAndSetChildDomain (37ms)
		EndReloadAssembly (669ms)
			LoadAssemblies (111ms)
			RebuildTransferFunctionScriptingTraits (0ms)
			SetupTypeCache (219ms)
			ReleaseScriptCaches (1ms)
			RebuildScriptCaches (41ms)
			SetupLoadedEditorAssemblies (286ms)
				LogAssemblyErrors (0ms)
				InitializePlatformSupportModulesInManaged (5ms)
				SetLoadedEditorAssemblies (0ms)
				RefreshPlugins (1ms)
				BeforeProcessingInitializeOnLoad (67ms)
				ProcessInitializeOnLoadAttributes (179ms)
				ProcessInitializeOnLoadMethodAttributes (30ms)
				AfterProcessingInitializeOnLoad (3ms)
				EditorAssembliesLoaded (0ms)
			ExecutionOrderSort2 (0ms)
			AwakeInstancesAfterBackupRestoration (8ms)
Platform modules already initialized, skipping
Refreshing native plugins compatible for Editor in 2.02 ms, found 4 plugins.
Preloading 0 native plugins for Editor in 0.00 ms.
Unloading 3768 Unused Serialized files (Serialized files now loaded: 0)
Unloading 28 unused Assets / (196.5 KB). Loaded Objects now: 4281.
Memory consumption went from 160.9 MB to 160.7 MB.
Total: 3.016000 ms (FindLiveObjects: 0.295900 ms CreateObjectMapping: 0.218700 ms MarkObjects: 2.347200 ms  DeleteObjects: 0.153200 ms)

AssetImportParameters requested are different than current active one (requested -> active):
  custom:video-decoder-ogg-theora: a1e56fd34408186e4bbccfd4996cb3dc -> 
  custom:container-muxer-webm: aa71ff27fc2769a1b78a27578f13a17b -> 
  custom:container-demuxer-webm: 4f35f7cbe854078d1ac9338744f61a02 -> 
  custom:video-encoder-webm-vp8: eb34c28f22e8b96e1ab97ce403110664 -> 
  custom:audio-encoder-webm-vorbis: bf7c407c2cedff20999df2af8eb42d56 -> 
  custom:framework-win-MediaFoundation: 216162199b28c13a410421893ffa2e32 -> 
  custom:container-demuxer-ogg: 62fdf1f143b41e24485cea50d1cbac27 -> 
  custom:video-decoder-webm-vp8: 9c59270c3fd7afecdb556c50c9e8de78 -> 
  custom:audio-decoder-ogg-vorbis: bf7c407c2cedff20999df2af8eb42d56 -> 
========================================================================
Received Prepare
Registering precompiled user dll's ...
Registered in 0.005480 seconds.
Begin MonoManager ReloadAssembly
Symbol file LoadedFromMemory doesn't match image D:\Project\Panda-Mahjong\Panda-Mahjong\Library\PackageCache\com.unity.visualscripting@1.8.0\Editor\VisualScripting.Core\Dependencies\YamlDotNet\Unity.VisualScripting.YamlDotNet.dll
Symbol file LoadedFromMemory doesn't match image D:\Project\Panda-Mahjong\Panda-Mahjong\Library\PackageCache\com.unity.visualscripting@1.8.0\Editor\VisualScripting.Core\Dependencies\DotNetZip\Unity.VisualScripting.IonicZip.dll
Native extension for WindowsStandalone target not found
Refreshing native plugins compatible for Editor in 0.94 ms, found 4 plugins.
Preloading 0 native plugins for Editor in 0.00 ms.
Mono: successfully reloaded assembly
- Completed reload, in  0.918 seconds
Domain Reload Profiling:
	ReloadAssembly (918ms)
		BeginReloadAssembly (148ms)
			ExecutionOrderSort (0ms)
			DisableScriptedObjects (7ms)
			BackupInstance (0ms)
			ReleaseScriptingObjects (0ms)
			CreateAndSetChildDomain (34ms)
		EndReloadAssembly (685ms)
			LoadAssemblies (113ms)
			RebuildTransferFunctionScriptingTraits (0ms)
			SetupTypeCache (217ms)
			ReleaseScriptCaches (1ms)
			RebuildScriptCaches (45ms)
			SetupLoadedEditorAssemblies (296ms)
				LogAssemblyErrors (0ms)
				InitializePlatformSupportModulesInManaged (5ms)
				SetLoadedEditorAssemblies (0ms)
				RefreshPlugins (1ms)
				BeforeProcessingInitializeOnLoad (61ms)
				ProcessInitializeOnLoadAttributes (194ms)
				ProcessInitializeOnLoadMethodAttributes (31ms)
				AfterProcessingInitializeOnLoad (3ms)
				EditorAssembliesLoaded (0ms)
			ExecutionOrderSort2 (0ms)
			AwakeInstancesAfterBackupRestoration (9ms)
Platform modules already initialized, skipping
Refreshing native plugins compatible for Editor in 2.07 ms, found 4 plugins.
Preloading 0 native plugins for Editor in 0.00 ms.
Unloading 3768 Unused Serialized files (Serialized files now loaded: 0)
Unloading 28 unused Assets / (196.1 KB). Loaded Objects now: 4284.
Memory consumption went from 160.9 MB to 160.7 MB.
Total: 2.851100 ms (FindLiveObjects: 0.303900 ms CreateObjectMapping: 0.265700 ms MarkObjects: 2.128900 ms  DeleteObjects: 0.151700 ms)

AssetImportParameters requested are different than current active one (requested -> active):
  custom:video-decoder-ogg-theora: a1e56fd34408186e4bbccfd4996cb3dc -> 
  custom:container-muxer-webm: aa71ff27fc2769a1b78a27578f13a17b -> 
  custom:container-demuxer-webm: 4f35f7cbe854078d1ac9338744f61a02 -> 
  custom:video-encoder-webm-vp8: eb34c28f22e8b96e1ab97ce403110664 -> 
  custom:audio-encoder-webm-vorbis: bf7c407c2cedff20999df2af8eb42d56 -> 
  custom:framework-win-MediaFoundation: 216162199b28c13a410421893ffa2e32 -> 
  custom:container-demuxer-ogg: 62fdf1f143b41e24485cea50d1cbac27 -> 
  custom:video-decoder-webm-vp8: 9c59270c3fd7afecdb556c50c9e8de78 -> 
  custom:audio-decoder-ogg-vorbis: bf7c407c2cedff20999df2af8eb42d56 -> 
========================================================================
Received Import Request.
  Time since last request: 256.625135 seconds.
  path: Assets/Resources/Image/Mahjong/2.png
  artifactKey: Guid(37afb3d041b65e6419572640ee203003) Importer(815301076,1909f56bfc062723c751e8b465ee728b)
Start importing Assets/Resources/Image/Mahjong/2.png using Guid(37afb3d041b65e6419572640ee203003) Importer(815301076,1909f56bfc062723c751e8b465ee728b)  -> (artifact id: '8b0b92c3c828eac26e731477d94fea50') in 0.056655 seconds 
========================================================================
Received Import Request.
  Time since last request: 1.526302 seconds.
  path: Assets/Resources/Image/Mahjong/2.png
  artifactKey: Guid(37afb3d041b65e6419572640ee203003) Importer(815301076,1909f56bfc062723c751e8b465ee728b)
Start importing Assets/Resources/Image/Mahjong/2.png using Guid(37afb3d041b65e6419572640ee203003) Importer(815301076,1909f56bfc062723c751e8b465ee728b)  -> (artifact id: '5f0a2dc301ca24b963ceccb26729e2eb') in 0.018960 seconds 
========================================================================
Received Import Request.
  Time since last request: 1.776907 seconds.
  path: Assets/Resources/Image/Mahjong/3.png
  artifactKey: Guid(c28847d916b8caa419744d8ce2aadfde) Importer(815301076,1909f56bfc062723c751e8b465ee728b)
Start importing Assets/Resources/Image/Mahjong/3.png using Guid(c28847d916b8caa419744d8ce2aadfde) Importer(815301076,1909f56bfc062723c751e8b465ee728b)  -> (artifact id: 'a043e2f3875cddd169aef5beaa6a1fed') in 0.018773 seconds 
========================================================================
Received Import Request.
  Time since last request: 1.781870 seconds.
  path: Assets/Resources/Image/Mahjong/5.png
  artifactKey: Guid(58cfe46036978304caec8c1667aec0db) Importer(815301076,1909f56bfc062723c751e8b465ee728b)
Start importing Assets/Resources/Image/Mahjong/5.png using Guid(58cfe46036978304caec8c1667aec0db) Importer(815301076,1909f56bfc062723c751e8b465ee728b)  -> (artifact id: '6ffdb9b9337c9fdb00afbc3172838036') in 0.018410 seconds 
========================================================================
Received Import Request.
  Time since last request: 1.726449 seconds.
  path: Assets/Resources/Image/Mahjong/6.png
  artifactKey: Guid(f1965c4bfcd176d43b4818eda93d3831) Importer(815301076,1909f56bfc062723c751e8b465ee728b)
Start importing Assets/Resources/Image/Mahjong/6.png using Guid(f1965c4bfcd176d43b4818eda93d3831) Importer(815301076,1909f56bfc062723c751e8b465ee728b)  -> (artifact id: '31e5a2147604848653e2f0831dca8997') in 0.037770 seconds 
========================================================================
Received Import Request.
  Time since last request: 1.599277 seconds.
  path: Assets/Resources/Image/Mahjong/7.png
  artifactKey: Guid(ba247fe322a41464aaee6b4fc2b0b69b) Importer(815301076,1909f56bfc062723c751e8b465ee728b)
Start importing Assets/Resources/Image/Mahjong/7.png using Guid(ba247fe322a41464aaee6b4fc2b0b69b) Importer(815301076,1909f56bfc062723c751e8b465ee728b)  -> (artifact id: 'e68c90c029b1ce30ffb1ed5ceb545890') in 0.014036 seconds 
========================================================================
Received Import Request.
  Time since last request: 1.650874 seconds.
  path: Assets/Resources/Image/Mahjong/8.png
  artifactKey: Guid(cd42112e8ce988e4ebc46b1df9e29c21) Importer(815301076,1909f56bfc062723c751e8b465ee728b)
Start importing Assets/Resources/Image/Mahjong/8.png using Guid(cd42112e8ce988e4ebc46b1df9e29c21) Importer(815301076,1909f56bfc062723c751e8b465ee728b)  -> (artifact id: 'fd9a5efd19e9053035018049c9835d8d') in 0.012642 seconds 
========================================================================
Received Import Request.
  Time since last request: 1.601013 seconds.
  path: Assets/Resources/Image/Mahjong/9.png
  artifactKey: Guid(f506da3f40115ff42983622dc9b20a5b) Importer(815301076,1909f56bfc062723c751e8b465ee728b)
Start importing Assets/Resources/Image/Mahjong/9.png using Guid(f506da3f40115ff42983622dc9b20a5b) Importer(815301076,1909f56bfc062723c751e8b465ee728b)  -> (artifact id: 'faf019fddd4a3443444b0fbe54c73d61') in 0.017686 seconds 
========================================================================
Received Prepare
Registering precompiled user dll's ...
Registered in 0.005462 seconds.
Begin MonoManager ReloadAssembly
Symbol file LoadedFromMemory doesn't match image D:\Project\Panda-Mahjong\Panda-Mahjong\Library\PackageCache\com.unity.visualscripting@1.8.0\Editor\VisualScripting.Core\Dependencies\YamlDotNet\Unity.VisualScripting.YamlDotNet.dll
Symbol file LoadedFromMemory doesn't match image D:\Project\Panda-Mahjong\Panda-Mahjong\Library\PackageCache\com.unity.visualscripting@1.8.0\Editor\VisualScripting.Core\Dependencies\DotNetZip\Unity.VisualScripting.IonicZip.dll
Native extension for WindowsStandalone target not found
Refreshing native plugins compatible for Editor in 0.74 ms, found 4 plugins.
Preloading 0 native plugins for Editor in 0.00 ms.
Mono: successfully reloaded assembly
- Completed reload, in  0.901 seconds
Domain Reload Profiling:
	ReloadAssembly (901ms)
		BeginReloadAssembly (141ms)
			ExecutionOrderSort (0ms)
			DisableScriptedObjects (7ms)
			BackupInstance (0ms)
			ReleaseScriptingObjects (0ms)
			CreateAndSetChildDomain (32ms)
		EndReloadAssembly (677ms)
			LoadAssemblies (112ms)
			RebuildTransferFunctionScriptingTraits (0ms)
			SetupTypeCache (214ms)
			ReleaseScriptCaches (1ms)
			RebuildScriptCaches (43ms)
			SetupLoadedEditorAssemblies (293ms)
				LogAssemblyErrors (0ms)
				InitializePlatformSupportModulesInManaged (4ms)
				SetLoadedEditorAssemblies (0ms)
				RefreshPlugins (1ms)
				BeforeProcessingInitializeOnLoad (62ms)
				ProcessInitializeOnLoadAttributes (192ms)
				ProcessInitializeOnLoadMethodAttributes (30ms)
				AfterProcessingInitializeOnLoad (3ms)
				EditorAssembliesLoaded (0ms)
			ExecutionOrderSort2 (0ms)
			AwakeInstancesAfterBackupRestoration (8ms)
Platform modules already initialized, skipping
Refreshing native plugins compatible for Editor in 2.17 ms, found 4 plugins.
Preloading 0 native plugins for Editor in 0.00 ms.
Unloading 3768 Unused Serialized files (Serialized files now loaded: 0)
Unloading 28 unused Assets / (196.2 KB). Loaded Objects now: 4287.
Memory consumption went from 160.9 MB to 160.7 MB.
Total: 2.993300 ms (FindLiveObjects: 0.305300 ms CreateObjectMapping: 0.200700 ms MarkObjects: 2.328500 ms  DeleteObjects: 0.157600 ms)

AssetImportParameters requested are different than current active one (requested -> active):
  custom:video-decoder-ogg-theora: a1e56fd34408186e4bbccfd4996cb3dc -> 
  custom:container-muxer-webm: aa71ff27fc2769a1b78a27578f13a17b -> 
  custom:container-demuxer-webm: 4f35f7cbe854078d1ac9338744f61a02 -> 
  custom:video-encoder-webm-vp8: eb34c28f22e8b96e1ab97ce403110664 -> 
  custom:audio-encoder-webm-vorbis: bf7c407c2cedff20999df2af8eb42d56 -> 
  custom:framework-win-MediaFoundation: 216162199b28c13a410421893ffa2e32 -> 
  custom:container-demuxer-ogg: 62fdf1f143b41e24485cea50d1cbac27 -> 
  custom:video-decoder-webm-vp8: 9c59270c3fd7afecdb556c50c9e8de78 -> 
  custom:audio-decoder-ogg-vorbis: bf7c407c2cedff20999df2af8eb42d56 -> 
